<?xml version="1.0" encoding="UTF-8"?>
<testsuite xmlns:xsi="http://www.w3.org/2001/XMLSchema-instance" xsi:noNamespaceSchemaLocation="https://maven.apache.org/surefire/maven-surefire-plugin/xsd/surefire-test-report-3.0.xsd" version="3.0" name="bplustree.DatabaseEndToEndTest" time="0.183" tests="6" errors="0" skipped="0" failures="0">
  <properties>
[...]
</properties>
  <testcase name="catalogue_de_produits_avec_ids_sequentiels(int)[1]" classname="bplustree.DatabaseEndToEndTest" time="0.07">
    <system-out><![CDATA[
insert { nom: Casque audio, prix: 89.99 }
==> id 1  [0x8969:0x0E2A]
insert { nom: Clavier mecanique, prix: 129.00 }
==> id 2  [0xA4EC:0xAE80]
insert { nom: Souris ergonomique, prix: 49.50 }
==> id 3  [0x0297:0x94B3]
insert { nom: Bureau debout, prix: 350.00 }
==> id 4  [0xC615:0xFC28]
insert { nom: Lampe LED, prix: 25.00 }
==> id 5  [0xFE23:0x0DD1]

  Arbre B+ ordre 3

                 3
         /               \
         2               4
     /       \       /       \
     1       2       3     4 | 5

select id = 3
  { "nom": "Souris ergonomique", "prix": 49.50, "categorie": "electronique" }
  @ page 0, offset 2  [0x0297:0x94B3]
]]></system-out>
  </testcase>
  <testcase name="catalogue_de_produits_avec_ids_sequentiels(int)[2]" classname="bplustree.DatabaseEndToEndTest" time="0.002">
    <system-out><![CDATA[
insert { nom: Casque audio, prix: 89.99 }
==> id 1  [0xF066:0x04B6]
insert { nom: Clavier mecanique, prix: 129.00 }
==> id 2  [0x975E:0x5737]
insert { nom: Souris ergonomique, prix: 49.50 }
==> id 3  [0x99B7:0x0C61]
insert { nom: Bureau debout, prix: 350.00 }
==> id 4  [0xF3A2:0xF9D9]
insert { nom: Lampe LED, prix: 25.00 }
==> id 5  [0x1558:0x4057]

  Arbre B+ ordre 4

             3
       /           \
     1 | 2     3 | 4 | 5

select id = 3
  { "nom": "Souris ergonomique", "prix": 49.50, "categorie": "electronique" }
  @ page 0, offset 2  [0x99B7:0x0C61]
]]></system-out>
  </testcase>
  <testcase name="catalogue_de_produits_avec_ids_sequentiels(int)[3]" classname="bplustree.DatabaseEndToEndTest" time="0.004">
    <system-out><![CDATA[
insert { nom: Casque audio, prix: 89.99 }
==> id 1  [0x95DC:0xB9F3]
insert { nom: Clavier mecanique, prix: 129.00 }
==> id 2  [0xC080:0xEF63]
insert { nom: Souris ergonomique, prix: 49.50 }
==> id 3  [0x2470:0x5B64]
insert { nom: Bureau debout, prix: 350.00 }
==> id 4  [0x0F4A:0xD290]
insert { nom: Lampe LED, prix: 25.00 }
==> id 5  [0xBD03:0x2FA7]

  Arbre B+ ordre 5

             3
       /           \
     1 | 2     3 | 4 | 5

select id = 3
  { "nom": "Souris ergonomique", "prix": 49.50, "categorie": "electronique" }
  @ page 0, offset 2  [0x2470:0x5B64]
]]></system-out>
  </testcase>
  <testcase name="journal_de_commandes_avec_ids_uuidv4(int)[1]" classname="bplustree.DatabaseEndToEndTest" time="0.044">
    <system-out><![CDATA[
insert { client: Alice, montant: 120.00 }
==> id 1017880373  [0x4C2D:0xD62C]
insert { client: Bob, montant: 45.50 }
==> id 504553297  [0x2368:0xD89F]
insert { client: Charlie, montant: 890.00 }
==> id 856145956  [0xEF44:0x0756]
insert { client: Diana, montant: 15.00 }
==> id 1793934808  [0x3B9B:0xCA4F]
insert { client: Eve, montant: 230.00 }
==> id 445061566  [0xF0B3:0x2E67]
insert { client: Frank, montant: 75.00 }
==> id 1741326915  [0xA8A0:0xBC35]

  Arbre B+ ordre 3

                                                1017880373
                           /                                                   \
                       856145956                                          1741326915
              /                         \                          /                        \
    445061566 | 504553297           856145956                 1017880373         1741326915 | 1793934808

select id = 856145956
  { "client": "Charlie", "montant": 890.00, "statut": "livree" }
  @ page 0, offset 2  [0xEF44:0x0756]
]]></system-out>
  </testcase>
  <testcase name="journal_de_commandes_avec_ids_uuidv4(int)[2]" classname="bplustree.DatabaseEndToEndTest" time="0.003">
    <system-out><![CDATA[
insert { client: Alice, montant: 120.00 }
==> id 1725870959  [0x477D:0xBCA8]
insert { client: Bob, montant: 45.50 }
==> id 624012188  [0x55B4:0x179C]
insert { client: Charlie, montant: 890.00 }
==> id 1846885021  [0x68CB:0xFDFF]
insert { client: Diana, montant: 15.00 }
==> id 1844567443  [0x6F2D:0x19C2]
insert { client: Eve, montant: 230.00 }
==> id 462973365  [0x8BF6:0x1C0D]
insert { client: Frank, montant: 75.00 }
==> id 794937628  [0xBC37:0x3D62]

  Arbre B+ ordre 4

                             794937628 | 1844567443
              /                          \                        \
    462973365 | 624012188     794937628 | 1725870959   1844567443 | 1846885021

select id = 1846885021
  { "client": "Charlie", "montant": 890.00, "statut": "livree" }
  @ page 0, offset 2  [0x68CB:0xFDFF]
]]></system-out>
  </testcase>
  <testcase name="journal_de_commandes_avec_ids_uuidv4(int)[3]" classname="bplustree.DatabaseEndToEndTest" time="0.004">
    <system-out><![CDATA[
insert { client: Alice, montant: 120.00 }
==> id 1519205306  [0xD501:0x19FD]
insert { client: Bob, montant: 45.50 }
==> id 454453731  [0xCC8D:0x11D4]
insert { client: Charlie, montant: 890.00 }
==> id 115754799  [0xCBBD:0x0B0B]
insert { client: Diana, montant: 15.00 }
==> id 895238090  [0x837D:0x5B8E]
insert { client: Eve, montant: 230.00 }
==> id 1128739610  [0x3ACF:0xDCA7]
insert { client: Frank, montant: 75.00 }
==> id 974917111  [0xA7D5:0xCC93]

  Arbre B+ ordre 5

                                               895238090
                          /                                                 \
                115754799 | 454453731                895238090 | 974917111 | 1128739610 | 1519205306

select id = 115754799
  { "client": "Charlie", "montant": 890.00, "statut": "livree" }
  @ page 0, offset 2  [0xCBBD:0x0B0B]
]]></system-out>
  </testcase>
</testsuite>