<?xml version="1.0" encoding="UTF-8"?>
<testsuite xmlns:xsi="http://www.w3.org/2001/XMLSchema-instance" xsi:noNamespaceSchemaLocation="https://maven.apache.org/surefire/maven-surefire-plugin/xsd/surefire-test-report-3.0.xsd" version="3.0" name="bplustree.storage.DebugMultipleSplitsTest" time="0.039" tests="1" errors="0" skipped="0" failures="0">
  <properties>
[...]
</properties>
  <testcase name="debugMultipleSplits" classname="bplustree.storage.DebugMultipleSplitsTest" time="0.038">
    <system-out><![CDATA[=== Starting insertions ===

Inserting: 10
After inserting 10:

============================================================
DETAILED PAGE VIEW
============================================================
┌─────────────────────────────────────────────────────────┐
│ PAGE 0                                                 │
└─────────────────────────────────────────────────────────┘

BODY (index → value @ memory):
  [0] → 10 @ 0x0000:0x0000

OFFSET ROW (sorted indexes):
  [0]

SORTED VALUES:
  10

============================================================

Inserting: 9
After inserting 9:

============================================================
DETAILED PAGE VIEW
============================================================
┌─────────────────────────────────────────────────────────┐
│ PAGE 0                                                 │
└─────────────────────────────────────────────────────────┘

BODY (index → value @ memory):
  [0] → 10 @ 0x0000:0x0000
  [1] → 9 @ 0x0000:0x0001

OFFSET ROW (sorted indexes):
  [1] → [0]

SORTED VALUES:
  9, 10

============================================================

Inserting: 8
After inserting 8:

============================================================
DETAILED PAGE VIEW
============================================================
┌─────────────────────────────────────────────────────────┐
│ PAGE 0                                                 │
└─────────────────────────────────────────────────────────┘

BODY (index → value @ memory):
  [0] → 10 @ 0x0000:0x0000
  [1] → 9 @ 0x0000:0x0001
  [2] → 8 @ 0x0000:0x0002

OFFSET ROW (sorted indexes):
  [2] → [1] → [0]

SORTED VALUES:
  8, 9, 10

============================================================

Inserting: 7
After inserting 7:

============================================================
DETAILED PAGE VIEW
============================================================
┌─────────────────────────────────────────────────────────┐
│ PAGE 0                                                 │
└─────────────────────────────────────────────────────────┘

BODY (index → value @ memory):
  [0] → 10 @ 0x0000:0x0000
  [1] → 9 @ 0x0000:0x0001
  [2] → 8 @ 0x0000:0x0002
  [3] → 7 @ 0x0000:0x0003

OFFSET ROW (sorted indexes):
  [3] → [2] → [1] → [0]

SORTED VALUES:
  7, 8, 9, 10

============================================================

Inserting: 6
After inserting 6:

============================================================
DETAILED PAGE VIEW
============================================================
┌─────────────────────────────────────────────────────────┐
│ PAGE 0                                                 │
└─────────────────────────────────────────────────────────┘

BODY (index → value @ memory):
  [0] → 10 @ 0x0000:0x0000
  [1] → 9 @ 0x0000:0x0001
  [2] → 8 @ 0x0000:0x0002
  [3] → 7 @ 0x0000:0x0003

OFFSET ROW (sorted indexes):
  [0]

SORTED VALUES:
  10

┌─────────────────────────────────────────────────────────┐
│ PAGE 1                                                 │
└─────────────────────────────────────────────────────────┘

BODY (index → value @ memory):
  [0] → 6 @ 0x0000:0x0004
  [1] → 7 @ 0x0000:0x0003
  [2] → 8 @ 0x0000:0x0002
  [3] → 9 @ 0x0000:0x0001

OFFSET ROW (sorted indexes):
  [0] → [1] → [2] → [3]

SORTED VALUES:
  6, 7, 8, 9

============================================================

Inserting: 5
After inserting 5:

============================================================
DETAILED PAGE VIEW
============================================================
┌─────────────────────────────────────────────────────────┐
│ PAGE 0                                                 │
└─────────────────────────────────────────────────────────┘

BODY (index → value @ memory):
  [0] → 10 @ 0x0000:0x0000
  [1] → 9 @ 0x0000:0x0001
  [2] → 8 @ 0x0000:0x0002
  [3] → 7 @ 0x0000:0x0003

OFFSET ROW (sorted indexes):
  [0]

SORTED VALUES:
  10

┌─────────────────────────────────────────────────────────┐
│ PAGE 1                                                 │
└─────────────────────────────────────────────────────────┘

BODY (index → value @ memory):
  [0] → 6 @ 0x0000:0x0004
  [1] → 7 @ 0x0000:0x0003
  [2] → 8 @ 0x0000:0x0002
  [3] → 9 @ 0x0000:0x0001

OFFSET ROW (sorted indexes):
  [3]

SORTED VALUES:
  9

┌─────────────────────────────────────────────────────────┐
│ PAGE 2                                                 │
└─────────────────────────────────────────────────────────┘

BODY (index → value @ memory):
  [0] → 5 @ 0x0000:0x0005
  [1] → 6 @ 0x0000:0x0004
  [2] → 7 @ 0x0000:0x0003
  [3] → 8 @ 0x0000:0x0002

OFFSET ROW (sorted indexes):
  [0] → [1] → [2] → [3]

SORTED VALUES:
  5, 6, 7, 8

============================================================

Inserting: 4
After inserting 4:

============================================================
DETAILED PAGE VIEW
============================================================
┌─────────────────────────────────────────────────────────┐
│ PAGE 0                                                 │
└─────────────────────────────────────────────────────────┘

BODY (index → value @ memory):
  [0] → 10 @ 0x0000:0x0000
  [1] → 9 @ 0x0000:0x0001
  [2] → 8 @ 0x0000:0x0002
  [3] → 7 @ 0x0000:0x0003

OFFSET ROW (sorted indexes):
  [0]

SORTED VALUES:
  10

┌─────────────────────────────────────────────────────────┐
│ PAGE 1                                                 │
└─────────────────────────────────────────────────────────┘

BODY (index → value @ memory):
  [0] → 6 @ 0x0000:0x0004
  [1] → 7 @ 0x0000:0x0003
  [2] → 8 @ 0x0000:0x0002
  [3] → 9 @ 0x0000:0x0001

OFFSET ROW (sorted indexes):
  [3]

SORTED VALUES:
  9

┌─────────────────────────────────────────────────────────┐
│ PAGE 2                                                 │
└─────────────────────────────────────────────────────────┘

BODY (index → value @ memory):
  [0] → 5 @ 0x0000:0x0005
  [1] → 6 @ 0x0000:0x0004
  [2] → 7 @ 0x0000:0x0003
  [3] → 8 @ 0x0000:0x0002

OFFSET ROW (sorted indexes):
  [3]

SORTED VALUES:
  8

┌─────────────────────────────────────────────────────────┐
│ PAGE 3                                                 │
└─────────────────────────────────────────────────────────┘

BODY (index → value @ memory):
  [0] → 4 @ 0x0000:0x0006
  [1] → 5 @ 0x0000:0x0005
  [2] → 6 @ 0x0000:0x0004
  [3] → 7 @ 0x0000:0x0003

OFFSET ROW (sorted indexes):
  [0] → [1] → [2] → [3]

SORTED VALUES:
  4, 5, 6, 7

============================================================

Inserting: 3
After inserting 3:

============================================================
DETAILED PAGE VIEW
============================================================
┌─────────────────────────────────────────────────────────┐
│ PAGE 0                                                 │
└─────────────────────────────────────────────────────────┘

BODY (index → value @ memory):
  [0] → 10 @ 0x0000:0x0000
  [1] → 9 @ 0x0000:0x0001
  [2] → 8 @ 0x0000:0x0002
  [3] → 7 @ 0x0000:0x0003

OFFSET ROW (sorted indexes):
  [0]

SORTED VALUES:
  10

┌─────────────────────────────────────────────────────────┐
│ PAGE 1                                                 │
└─────────────────────────────────────────────────────────┘

BODY (index → value @ memory):
  [0] → 6 @ 0x0000:0x0004
  [1] → 7 @ 0x0000:0x0003
  [2] → 8 @ 0x0000:0x0002
  [3] → 9 @ 0x0000:0x0001

OFFSET ROW (sorted indexes):
  [3]

SORTED VALUES:
  9

┌─────────────────────────────────────────────────────────┐
│ PAGE 2                                                 │
└─────────────────────────────────────────────────────────┘

BODY (index → value @ memory):
  [0] → 5 @ 0x0000:0x0005
  [1] → 6 @ 0x0000:0x0004
  [2] → 7 @ 0x0000:0x0003
  [3] → 8 @ 0x0000:0x0002

OFFSET ROW (sorted indexes):
  [3]

SORTED VALUES:
  8

┌─────────────────────────────────────────────────────────┐
│ PAGE 3                                                 │
└─────────────────────────────────────────────────────────┘

BODY (index → value @ memory):
  [0] → 4 @ 0x0000:0x0006
  [1] → 5 @ 0x0000:0x0005
  [2] → 6 @ 0x0000:0x0004
  [3] → 7 @ 0x0000:0x0003

OFFSET ROW (sorted indexes):
  [3]

SORTED VALUES:
  7

┌─────────────────────────────────────────────────────────┐
│ PAGE 4                                                 │
└─────────────────────────────────────────────────────────┘

BODY (index → value @ memory):
  [0] → 3 @ 0x0000:0x0007
  [1] → 4 @ 0x0000:0x0006
  [2] → 5 @ 0x0000:0x0005
  [3] → 6 @ 0x0000:0x0004

OFFSET ROW (sorted indexes):
  [0] → [1] → [2] → [3]

SORTED VALUES:
  3, 4, 5, 6

============================================================

Inserting: 2
After inserting 2:

============================================================
DETAILED PAGE VIEW
============================================================
┌─────────────────────────────────────────────────────────┐
│ PAGE 0                                                 │
└─────────────────────────────────────────────────────────┘

BODY (index → value @ memory):
  [0] → 10 @ 0x0000:0x0000
  [1] → 9 @ 0x0000:0x0001
  [2] → 8 @ 0x0000:0x0002
  [3] → 7 @ 0x0000:0x0003

OFFSET ROW (sorted indexes):
  [0]

SORTED VALUES:
  10

┌─────────────────────────────────────────────────────────┐
│ PAGE 1                                                 │
└─────────────────────────────────────────────────────────┘

BODY (index → value @ memory):
  [0] → 6 @ 0x0000:0x0004
  [1] → 7 @ 0x0000:0x0003
  [2] → 8 @ 0x0000:0x0002
  [3] → 9 @ 0x0000:0x0001

OFFSET ROW (sorted indexes):
  [3]

SORTED VALUES:
  9

┌─────────────────────────────────────────────────────────┐
│ PAGE 2                                                 │
└─────────────────────────────────────────────────────────┘

BODY (index → value @ memory):
  [0] → 5 @ 0x0000:0x0005
  [1] → 6 @ 0x0000:0x0004
  [2] → 7 @ 0x0000:0x0003
  [3] → 8 @ 0x0000:0x0002

OFFSET ROW (sorted indexes):
  [3]

SORTED VALUES:
  8

┌─────────────────────────────────────────────────────────┐
│ PAGE 3                                                 │
└─────────────────────────────────────────────────────────┘

BODY (index → value @ memory):
  [0] → 4 @ 0x0000:0x0006
  [1] → 5 @ 0x0000:0x0005
  [2] → 6 @ 0x0000:0x0004
  [3] → 7 @ 0x0000:0x0003

OFFSET ROW (sorted indexes):
  [3]

SORTED VALUES:
  7

┌─────────────────────────────────────────────────────────┐
│ PAGE 4                                                 │
└─────────────────────────────────────────────────────────┘

BODY (index → value @ memory):
  [0] → 3 @ 0x0000:0x0007
  [1] → 4 @ 0x0000:0x0006
  [2] → 5 @ 0x0000:0x0005
  [3] → 6 @ 0x0000:0x0004

OFFSET ROW (sorted indexes):
  [3]

SORTED VALUES:
  6

┌─────────────────────────────────────────────────────────┐
│ PAGE 5                                                 │
└─────────────────────────────────────────────────────────┘

BODY (index → value @ memory):
  [0] → 2 @ 0x0000:0x0008
  [1] → 3 @ 0x0000:0x0007
  [2] → 4 @ 0x0000:0x0006
  [3] → 5 @ 0x0000:0x0005

OFFSET ROW (sorted indexes):
  [0] → [1] → [2] → [3]

SORTED VALUES:
  2, 3, 4, 5

============================================================

Inserting: 1
After inserting 1:

============================================================
DETAILED PAGE VIEW
============================================================
┌─────────────────────────────────────────────────────────┐
│ PAGE 0                                                 │
└─────────────────────────────────────────────────────────┘

BODY (index → value @ memory):
  [0] → 10 @ 0x0000:0x0000
  [1] → 9 @ 0x0000:0x0001
  [2] → 8 @ 0x0000:0x0002
  [3] → 7 @ 0x0000:0x0003

OFFSET ROW (sorted indexes):
  [0]

SORTED VALUES:
  10

┌─────────────────────────────────────────────────────────┐
│ PAGE 1                                                 │
└─────────────────────────────────────────────────────────┘

BODY (index → value @ memory):
  [0] → 6 @ 0x0000:0x0004
  [1] → 7 @ 0x0000:0x0003
  [2] → 8 @ 0x0000:0x0002
  [3] → 9 @ 0x0000:0x0001

OFFSET ROW (sorted indexes):
  [3]

SORTED VALUES:
  9

┌─────────────────────────────────────────────────────────┐
│ PAGE 2                                                 │
└─────────────────────────────────────────────────────────┘

BODY (index → value @ memory):
  [0] → 5 @ 0x0000:0x0005
  [1] → 6 @ 0x0000:0x0004
  [2] → 7 @ 0x0000:0x0003
  [3] → 8 @ 0x0000:0x0002

OFFSET ROW (sorted indexes):
  [3]

SORTED VALUES:
  8

┌─────────────────────────────────────────────────────────┐
│ PAGE 3                                                 │
└─────────────────────────────────────────────────────────┘

BODY (index → value @ memory):
  [0] → 4 @ 0x0000:0x0006
  [1] → 5 @ 0x0000:0x0005
  [2] → 6 @ 0x0000:0x0004
  [3] → 7 @ 0x0000:0x0003

OFFSET ROW (sorted indexes):
  [3]

SORTED VALUES:
  7

┌─────────────────────────────────────────────────────────┐
│ PAGE 4                                                 │
└─────────────────────────────────────────────────────────┘

BODY (index → value @ memory):
  [0] → 3 @ 0x0000:0x0007
  [1] → 4 @ 0x0000:0x0006
  [2] → 5 @ 0x0000:0x0005
  [3] → 6 @ 0x0000:0x0004

OFFSET ROW (sorted indexes):
  [3]

SORTED VALUES:
  6

┌─────────────────────────────────────────────────────────┐
│ PAGE 5                                                 │
└─────────────────────────────────────────────────────────┘

BODY (index → value @ memory):
  [0] → 2 @ 0x0000:0x0008
  [1] → 3 @ 0x0000:0x0007
  [2] → 4 @ 0x0000:0x0006
  [3] → 5 @ 0x0000:0x0005

OFFSET ROW (sorted indexes):
  [3]

SORTED VALUES:
  5

┌─────────────────────────────────────────────────────────┐
│ PAGE 6                                                 │
└─────────────────────────────────────────────────────────┘

BODY (index → value @ memory):
  [0] → 1 @ 0x0000:0x0009
  [1] → 2 @ 0x0000:0x0008
  [2] → 3 @ 0x0000:0x0007
  [3] → 4 @ 0x0000:0x0006

OFFSET ROW (sorted indexes):
  [0] → [1] → [2] → [3]

SORTED VALUES:
  1, 2, 3, 4

============================================================


=== Final state ===

============================================================
DETAILED PAGE VIEW
============================================================
┌─────────────────────────────────────────────────────────┐
│ PAGE 0                                                 │
└─────────────────────────────────────────────────────────┘

BODY (index → value @ memory):
  [0] → 10 @ 0x0000:0x0000
  [1] → 9 @ 0x0000:0x0001
  [2] → 8 @ 0x0000:0x0002
  [3] → 7 @ 0x0000:0x0003

OFFSET ROW (sorted indexes):
  [0]

SORTED VALUES:
  10

┌─────────────────────────────────────────────────────────┐
│ PAGE 1                                                 │
└─────────────────────────────────────────────────────────┘

BODY (index → value @ memory):
  [0] → 6 @ 0x0000:0x0004
  [1] → 7 @ 0x0000:0x0003
  [2] → 8 @ 0x0000:0x0002
  [3] → 9 @ 0x0000:0x0001

OFFSET ROW (sorted indexes):
  [3]

SORTED VALUES:
  9

┌─────────────────────────────────────────────────────────┐
│ PAGE 2                                                 │
└─────────────────────────────────────────────────────────┘

BODY (index → value @ memory):
  [0] → 5 @ 0x0000:0x0005
  [1] → 6 @ 0x0000:0x0004
  [2] → 7 @ 0x0000:0x0003
  [3] → 8 @ 0x0000:0x0002

OFFSET ROW (sorted indexes):
  [3]

SORTED VALUES:
  8

┌─────────────────────────────────────────────────────────┐
│ PAGE 3                                                 │
└─────────────────────────────────────────────────────────┘

BODY (index → value @ memory):
  [0] → 4 @ 0x0000:0x0006
  [1] → 5 @ 0x0000:0x0005
  [2] → 6 @ 0x0000:0x0004
  [3] → 7 @ 0x0000:0x0003

OFFSET ROW (sorted indexes):
  [3]

SORTED VALUES:
  7

┌─────────────────────────────────────────────────────────┐
│ PAGE 4                                                 │
└─────────────────────────────────────────────────────────┘

BODY (index → value @ memory):
  [0] → 3 @ 0x0000:0x0007
  [1] → 4 @ 0x0000:0x0006
  [2] → 5 @ 0x0000:0x0005
  [3] → 6 @ 0x0000:0x0004

OFFSET ROW (sorted indexes):
  [3]

SORTED VALUES:
  6

┌─────────────────────────────────────────────────────────┐
│ PAGE 5                                                 │
└─────────────────────────────────────────────────────────┘

BODY (index → value @ memory):
  [0] → 2 @ 0x0000:0x0008
  [1] → 3 @ 0x0000:0x0007
  [2] → 4 @ 0x0000:0x0006
  [3] → 5 @ 0x0000:0x0005

OFFSET ROW (sorted indexes):
  [3]

SORTED VALUES:
  5

┌─────────────────────────────────────────────────────────┐
│ PAGE 6                                                 │
└─────────────────────────────────────────────────────────┘

BODY (index → value @ memory):
  [0] → 1 @ 0x0000:0x0009
  [1] → 2 @ 0x0000:0x0008
  [2] → 3 @ 0x0000:0x0007
  [3] → 4 @ 0x0000:0x0006

OFFSET ROW (sorted indexes):
  [0] → [1] → [2] → [3]

SORTED VALUES:
  1, 2, 3, 4

============================================================


All values sorted: [1, 2, 3, 4, 5, 6, 7, 8, 9, 10]
Expected: [1, 2, 3, 4, 5, 6, 7, 8, 9, 10]
Page count: 7
]]></system-out>
  </testcase>
</testsuite>